[INFO] Scanning for projects...
[INFO] ------------------------------------------------------------------------
[INFO] Reactor Build Order:
[INFO] 
[INFO] FORMATION_TALEND Codes Master
[INFO] FORMATION_TALEND Routines
[INFO] FORMATION_TALEND LectureJSON (Jobs)
[INFO] 
[INFO] Using the builder org.apache.maven.lifecycle.internal.builder.multithreaded.MultiThreadedBuilder with a thread count of 4
[INFO]                                                                         
[INFO] ------------------------------------------------------------------------
[INFO] Building FORMATION_TALEND Codes Master 6.4.1
[INFO] ------------------------------------------------------------------------
[INFO]                                                                         
[INFO] ------------------------------------------------------------------------
[INFO] Building FORMATION_TALEND Routines 6.4.1
[INFO] ------------------------------------------------------------------------
[INFO]                                                                         
[INFO] ------------------------------------------------------------------------
[INFO] Building FORMATION_TALEND LectureJSON (Jobs) 0.1.0
[INFO] ------------------------------------------------------------------------
[INFO] 
[INFO] --- maven-resources-plugin:2.7:resources (default-resources) @ routines ---
[INFO] 
[INFO] --- maven-resources-plugin:2.7:resources (default-resources) @ LectureJSON ---
[INFO] Using 'UTF-8' encoding to copy filtered resources.
[INFO] Using 'UTF-8' encoding to copy filtered resources.
[INFO] Copying 45 resources
[INFO] Copying 0 resource
[INFO] 
[INFO] --- maven-compiler-plugin:2.5.1:compile (default-compile) @ LectureJSON ---
[INFO] 
[INFO] --- maven-compiler-plugin:2.5.1:compile (default-compile) @ routines ---
[INFO] Nothing to compile - all classes are up to date
[INFO] 
[INFO] --- maven-resources-plugin:2.7:copy-resources (copy-running-resources) @ LectureJSON ---
[INFO] Using 'UTF-8' encoding to copy filtered resources.
[INFO] Copying 4 resources
[INFO] 
[INFO] --- maven-resources-plugin:2.7:testResources (default-testResources) @ LectureJSON ---
[INFO] Using 'UTF-8' encoding to copy filtered resources.
[INFO] Copying 0 resource
[INFO] 
[INFO] --- maven-compiler-plugin:2.5.1:testCompile (default-testCompile) @ LectureJSON ---
[INFO] Nothing to compile - all classes are up to date
[INFO] 
[INFO] --- maven-surefire-plugin:2.12.4:test (default-test) @ LectureJSON ---
[INFO] Nothing to compile - all classes are up to date
[INFO] 
[INFO] --- maven-resources-plugin:2.7:testResources (default-testResources) @ routines ---
[INFO] Using 'UTF-8' encoding to copy filtered resources.
[INFO] Copying 0 resource
[INFO] 
[INFO] --- maven-compiler-plugin:2.5.1:testCompile (default-testCompile) @ routines ---
[INFO] Nothing to compile - all classes are up to date
[INFO] 
[INFO] --- maven-surefire-plugin:2.12.4:test (default-test) @ routines ---
[INFO] Tests are skipped.
[INFO] 
[INFO] --- maven-jar-plugin:2.6:jar (default-jar) @ LectureJSON ---
[INFO] Tests are skipped.
[INFO] 
[INFO] --- maven-jar-plugin:2.6:jar (default-jar) @ routines ---
[INFO] Building jar: C:\Users\Ordinateur\Desktop\TALEND\Workspace_Talend\.Java\target\lecturejson_0_1.jar
[INFO] Building jar: C:\Users\Ordinateur\Desktop\TALEND\Workspace_Talend\.Java\target\routines-6.4.1.jar
[INFO] 
[INFO] --- maven-assembly-plugin:2.5.5:single (default) @ LectureJSON ---
[INFO] Reading assembly descriptor: C:\Users\Ordinateur\Desktop\TALEND\Workspace_Talend\.Java/src/main/assemblies/assembly_LectureJSON_0.1.xml
[WARNING] The following patterns were never triggered in this artifact inclusion filter:
o  '${pigudfs.binaries.includes.set}'

[WARNING] The following patterns were never triggered in this artifact exclusion filter:
o  'org.talend.job.formation_talend:*'

[INFO] Building zip: C:\Users\Ordinateur\Desktop\TALEND\Workspace_Talend\.Java\target\lecturejson_0_1.zip
[INFO] ------------------------------------------------------------------------
[INFO] Reactor Summary:
[INFO] 
[INFO] FORMATION_TALEND Codes Master ..................... SUCCESS [  0.004 s]
[INFO] FORMATION_TALEND Routines ......................... SUCCESS [  3.118 s]
[INFO] FORMATION_TALEND LectureJSON (Jobs) ............... SUCCESS [  5.416 s]
[INFO] ------------------------------------------------------------------------
[INFO] BUILD SUCCESS
[INFO] ------------------------------------------------------------------------
[INFO] Total time: 5.654 s (Wall Clock)
[INFO] Finished at: 2023-04-02T15:51:28+01:00
[INFO] Final Memory: 10M/190M
[INFO] ------------------------------------------------------------------------
